The job was run on these nodes: idun-02-16
Number of nodes: 1
Number of nodes: 1
We are using 1 cores
We are using 1 cores
We are using 1 cores per node
We are using 1 cores per node
we are running from this directory: /cluster/work/aurorasg/TNG
Total of 1 cores
Total of 1 cores
 the name of the job is: cluster_run
Th job ID is 78242
The job was run on these nodes: idun-03-25
Number of nodes: 1
We are using 1 cores
We are using 1 cores per node
Total of 1 cores
Linux idun-03-25 4.18.0-193.el8.x86_64 #1 SMP Fri May 8 10:59:10 UTC 2020 x86_64 x86_64 x86_64 GNU/Linux
./data/tng-100-1/cutdata/missed/missed_4.txt
Linux idun-02-09 4.18.0-193.el8.x86_64 #1 SMP Fri May 8 10:59:10 UTC 2020 x86_64 x86_64 x86_64 GNU/Linux
./data/tng-100-1/cutdata/missed/missed_3.txt
Linux idun-02-16 4.18.0-193.el8.x86_64 #1 SMP Fri May 8 10:59:10 UTC 2020 x86_64 x86_64 x86_64 GNU/Linux
./data/tng-100-1/cutdata/missed/missed_2.txt
Linux idun-02-22 4.18.0-193.el8.x86_64 #1 SMP Fri May 8 10:59:10 UTC 2020 x86_64 x86_64 x86_64 GNU/Linux
./data/tng-100-1/cutdata/missed/missed_1.txt
Processing subhalo  428158
Processing subhalo  366338
Processing subhalo  397063
Processing subhalo  319144
Processing subhalo  428289
Processing subhalo  397260
Processing subhalo  366565
Processing subhalo  428431
Processing subhalo  319643
Processing subhalo  428537
Processing subhalo  366792
Processing subhalo  397418
Processing subhalo  428616
Processing subhalo  367139
Processing subhalo  397568
Processing subhalo  320012
Processing subhalo  428715
Processing subhalo  397682
Processing subhalo  428813
Processing subhalo  367456
Processing subhalo  397866
Processing subhalo  428927
Processing subhalo  429041
Processing subhalo  320433
Processing subhalo  398110
Processing subhalo  429127
Processing subhalo  367688
Processing subhalo  320734
Processing subhalo  429237
Processing subhalo  398282
Processing subhalo  429314
Processing subhalo  429435
Processing subhalo  367929
Processing subhalo  398405
Processing subhalo  321204
Processing subhalo  429556
Processing subhalo  429678
Processing subhalo  398549
Processing subhalo  368170
Processing subhalo  429758
Processing subhalo  321674
Processing subhalo  429862
Processing subhalo  398685
Processing subhalo  429989
Processing subhalo  398913
Processing subhalo  368436
Processing subhalo  430070
Processing subhalo  430183
Processing subhalo  399101
Processing subhalo  322160
Processing subhalo  430285
Processing subhalo  399267
Processing subhalo  368697
Processing subhalo  430394
Processing subhalo  399391
Processing subhalo  430470
Processing subhalo  399520
Processing subhalo  430589
Processing subhalo  399679
Processing subhalo  322581
Processing subhalo  430683
Processing subhalo  399844
Processing subhalo  430850
Processing subhalo  430972
Processing subhalo  399969
Processing subhalo  431106
Processing subhalo  400089
Processing subhalo  431201
Processing subhalo  431282
Processing subhalo  400266
Processing subhalo  431390
Processing subhalo  431536
Processing subhalo  368884
Processing subhalo  400426
Processing subhalo  431635
Processing subhalo  400547
Processing subhalo  431751
Processing subhalo  369152
Processing subhalo  400694
Processing subhalo  431868
Processing subhalo  400846
Processing subhalo  369366
Processing subhalo  431986
Processing subhalo  401062
Processing subhalo  432130
Processing subhalo  322979
Processing subhalo  432254
Processing subhalo  369545
Processing subhalo  401192
Processing subhalo  432379
Processing subhalo  401328
Processing subhalo  323455
Processing subhalo  401535
Processing subhalo  432485
Processing subhalo  369789
Processing subhalo  432592
Processing subhalo  401670
Processing subhalo  432711
Processing subhalo  370003
Processing subhalo  401859
Processing subhalo  323851
Processing subhalo  432831
Processing subhalo  402017
Processing subhalo  432927
Processing subhalo  370190
Processing subhalo  433038
Processing subhalo  402118
Processing subhalo  324127
Processing subhalo  370529
Processing subhalo  433111
Processing subhalo  402293
Processing subhalo  370781
Processing subhalo  433217
Processing subhalo  402483
Processing subhalo  324572
Processing subhalo  433317
Processing subhalo  371013
Processing subhalo  402635
Processing subhalo  433401
Processing subhalo  433537
Processing subhalo  324997
Processing subhalo  402769
Processing subhalo  371259
Processing subhalo  433656
Processing subhalo  325335
Processing subhalo  402979
Processing subhalo  433723
Processing subhalo  433813
Processing subhalo  403110
Processing subhalo  325808
Processing subhalo  433936
Processing subhalo  403261
Processing subhalo  434026
Processing subhalo  326217
Processing subhalo  434152
Processing subhalo  403388
Processing subhalo  434303
Processing subhalo  371471
Processing subhalo  434410
Processing subhalo  403506
Processing subhalo  326652
Processing subhalo  434541
Processing subhalo  403624
Processing subhalo  434681
Processing subhalo  434787
Processing subhalo  403787
Processing subhalo  434938
Processing subhalo  327112
Processing subhalo  435020
Processing subhalo  403910
Processing subhalo  435126
Processing subhalo  404093
Processing subhalo  435223
Processing subhalo  435309
Processing subhalo  327405
Processing subhalo  404216
Processing subhalo  435417
Processing subhalo  435547
Processing subhalo  404319
Processing subhalo  327822
Processing subhalo  435685
Processing subhalo  404501
Processing subhalo  435782
Processing subhalo  435868
Processing subhalo  328251
Processing subhalo  404644
Processing subhalo  436003
Processing subhalo  436127
Processing subhalo  371704
Processing subhalo  436233
Processing subhalo  404769
Processing subhalo  436349
Processing subhalo  404888
Processing subhalo  371859
Processing subhalo  436458
Processing subhalo  436551
Processing subhalo  405000
Processing subhalo  436642
Processing subhalo  405133
Processing subhalo  372175
Processing subhalo  436797
Processing subhalo  405295
Processing subhalo  436917
Processing subhalo  372343
Processing subhalo  436991
Processing subhalo  328677
Processing subhalo  485886
Processing subhalo  405460
Processing subhalo  485951
Processing subhalo  486009
Processing subhalo  405568
Processing subhalo  372568
Processing subhalo  486052
Processing subhalo  405745
Processing subhalo  329105
Processing subhalo  486124
Processing subhalo  405882
Processing subhalo  372778
Processing subhalo  486186
Processing subhalo  406136
Processing subhalo  486229
Processing subhalo  486281
Processing subhalo  406256
Processing subhalo  329515
Processing subhalo  373050
Processing subhalo  486341
Processing subhalo  406380
Processing subhalo  486384
Processing subhalo  373291
Processing subhalo  486415
Processing subhalo  406495
Processing subhalo  486463
Processing subhalo  329849
Processing subhalo  486525
Processing subhalo  406698
Processing subhalo  486590
Processing subhalo  373510
Processing subhalo  486632
Processing subhalo  406878
Processing subhalo  486691
Processing subhalo  486742
Processing subhalo  407020
Processing subhalo  330208
Processing subhalo  373699
Processing subhalo  486781
Processing subhalo  486828
Processing subhalo  407204
Processing subhalo  330553
Processing subhalo  486875
Processing subhalo  407320
Processing subhalo  373951
Processing subhalo  486917
Processing subhalo  486966
Processing subhalo  407472
Processing subhalo  487000
Processing subhalo  407606
Processing subhalo  330955
Processing subhalo  487042
Processing subhalo  407822
Processing subhalo  487072
Processing subhalo  487099
Processing subhalo  407926
Processing subhalo  487152
Processing subhalo  408076
Processing subhalo  331293
Processing subhalo  487191
Processing subhalo  374228
Processing subhalo  408224
Processing subhalo  487244
Processing subhalo  487276
Processing subhalo  408393
Processing subhalo  487327
Processing subhalo  487363
Processing subhalo  408497
Processing subhalo  487393
Processing subhalo  331701
Processing subhalo  487438
Processing subhalo  408647
Processing subhalo  487496
Processing subhalo  408764
Processing subhalo  487530
Processing subhalo  487606
Processing subhalo  408935
Processing subhalo  332068
Processing subhalo  374379
Processing subhalo  487651
Processing subhalo  487698
Processing subhalo  409086
Processing subhalo  487769
Processing subhalo  409226
Processing subhalo  487817
Processing subhalo  374593
Processing subhalo  332389
Processing subhalo  487877
Processing subhalo  487913
Processing subhalo  409358
Processing subhalo  487965
Processing subhalo  487993
Processing subhalo  409475
Processing subhalo  488062
Processing subhalo  409645
Processing subhalo  488123
Processing subhalo  488174
Processing subhalo  409761
Processing subhalo  374789
Processing subhalo  488228
Processing subhalo  332812
Processing subhalo  488282
Processing subhalo  409883
Processing subhalo  488355
Processing subhalo  333258
Processing subhalo  488415
Processing subhalo  409986
Processing subhalo  375020
Processing subhalo  488445
Processing subhalo  410140
Processing subhalo  488500
Processing subhalo  333672
Processing subhalo  488537
Processing subhalo  410303
Processing subhalo  375236
Processing subhalo  488591
Processing subhalo  410456
Processing subhalo  488662
Processing subhalo  334028
Processing subhalo  375401
Processing subhalo  410567
Processing subhalo  488722
Processing subhalo  488771
Processing subhalo  410700
Processing subhalo  375639
Processing subhalo  410887
Processing subhalo  411034
Processing subhalo  375909
Processing subhalo  411154
Processing subhalo  411321
Processing subhalo  376132
Processing subhalo  334350
Processing subhalo  411452
Processing subhalo  376356
Processing subhalo  411637
Processing subhalo  411783
Processing subhalo  376544
Processing subhalo  334727
Processing subhalo  411949
Processing subhalo  412079
Processing subhalo  335078
Processing subhalo  412199
Processing subhalo  376738
Processing subhalo  412332
Processing subhalo  335486
Processing subhalo  412442
Processing subhalo  412591
Processing subhalo  412743
Processing subhalo  335927
Processing subhalo  412911
Processing subhalo  413091
Processing subhalo  376963
Processing subhalo  413194
Processing subhalo  336276
Processing subhalo  413363
Processing subhalo  413463
Processing subhalo  377212
Processing subhalo  336516
Processing subhalo  413608
Processing subhalo  413747
Processing subhalo  377398
Processing subhalo  413928
Processing subhalo  336796
Processing subhalo  377539
Processing subhalo  414050
Processing subhalo  414146
Processing subhalo  377804
Processing subhalo  378115
Processing subhalo  414277
Processing subhalo  414447
Processing subhalo  378298
Processing subhalo  378526
Processing subhalo  414549
Processing subhalo  337048
Processing subhalo  378745
Processing subhalo  414651
Processing subhalo  414759
Processing subhalo  337444
Processing subhalo  378943
Processing subhalo  414990
Processing subhalo  379147
Processing subhalo  337843
Processing subhalo  415113
Processing subhalo  415211
Processing subhalo  379320
Processing subhalo  338148
Processing subhalo  415373
Processing subhalo  415496
Processing subhalo  379540
Processing subhalo  415628
Processing subhalo  415823
Processing subhalo  415972
Processing subhalo  379732
Processing subhalo  338458
Processing subhalo  416112
Processing subhalo  379949
Processing subhalo  416258
Processing subhalo  338817
Processing subhalo  416399
Processing subhalo  416522
Processing subhalo  380119
Processing subhalo  416627
Processing subhalo  339181
Processing subhalo  380276
Processing subhalo  416752
Processing subhalo  339547
Processing subhalo  416897
Processing subhalo  380475
Processing subhalo  417032
Processing subhalo  380751
Processing subhalo  417122
Processing subhalo  417281
Processing subhalo  339862
Processing subhalo  417411
Processing subhalo  417581
Processing subhalo  340106
Processing subhalo  417717
Processing subhalo  380934
Processing subhalo  417793
Processing subhalo  381147
Processing subhalo  417939
Processing subhalo  340355
Processing subhalo  418076
Processing subhalo  381392
Processing subhalo  418230
Processing subhalo  340585
Processing subhalo  418325
Processing subhalo  340976
Processing subhalo  418452
Processing subhalo  381608
Processing subhalo  418576
Processing subhalo  381831
Processing subhalo  418770
Processing subhalo  418911
Processing subhalo  341356
Processing subhalo  382059
Processing subhalo  419061
Processing subhalo  419203
Processing subhalo  419301
Processing subhalo  382256
Processing subhalo  419428
Processing subhalo  382483
Processing subhalo  419575
Processing subhalo  419749
Processing subhalo  341683
Processing subhalo  419909
Processing subhalo  420059
Processing subhalo  342047
Processing subhalo  382684
Processing subhalo  420172
Processing subhalo  420304
Processing subhalo  420435
Processing subhalo  342343
Processing subhalo  420550
Processing subhalo  420658
Processing subhalo  382921
Processing subhalo  420815
Processing subhalo  342689
Processing subhalo  420924
Processing subhalo  421031
Processing subhalo  383118
Processing subhalo  343039
Processing subhalo  421134
Processing subhalo  383307
Processing subhalo  421312
Processing subhalo  383506
Processing subhalo  421450
Processing subhalo  421568
Processing subhalo  343429
Processing subhalo  383723
Processing subhalo  421711
Processing subhalo  383945
Processing subhalo  343638
Processing subhalo  421835
Processing subhalo  384103
Processing subhalo  421956
Processing subhalo  343988
Processing subhalo  422109
Processing subhalo  384355
Processing subhalo  422231
Processing subhalo  422426
Processing subhalo  384534
Processing subhalo  344300
Processing subhalo  422551
Processing subhalo  422662
Processing subhalo  384705
Processing subhalo  344593
Processing subhalo  422831
Processing subhalo  423013
Processing subhalo  344987
Processing subhalo  423110
Processing subhalo  384914
Processing subhalo  423282
Processing subhalo  385115
Processing subhalo  345250
Processing subhalo  423387
Processing subhalo  423527
Processing subhalo  385350
Processing subhalo  423657
Processing subhalo  345456
Processing subhalo  423804
Processing subhalo  423908
Processing subhalo  345812
Processing subhalo  424043
Processing subhalo  385582
Processing subhalo  424152
Processing subhalo  346075
Processing subhalo  424255
Processing subhalo  424362
Processing subhalo  424485
Processing subhalo  346420
Processing subhalo  385798
Processing subhalo  424571
Processing subhalo  424725
Processing subhalo  386003
Processing subhalo  424803
Processing subhalo  386247
Processing subhalo  424910
Processing subhalo  346748
Processing subhalo  386429
Processing subhalo  424986
Processing subhalo  425061
Processing subhalo  346976
Processing subhalo  386612
Processing subhalo  425185
Processing subhalo  425337
Processing subhalo  425487
Processing subhalo  386827
Processing subhalo  425605
Processing subhalo  387067
Processing subhalo  347237
Processing subhalo  425729
Processing subhalo  425836
Processing subhalo  387236
Processing subhalo  425940
Processing subhalo  347508
Processing subhalo  387438
Processing subhalo  426086
Processing subhalo  426242
Processing subhalo  387590
Processing subhalo  347785
Processing subhalo  426361
Processing subhalo  387726
Processing subhalo  426483
Processing subhalo  348038
Processing subhalo  426575
Processing subhalo  387936
Processing subhalo  426665
Processing subhalo  388115
Processing subhalo  426764
Processing subhalo  426902
Processing subhalo  426984
Processing subhalo  348334
Processing subhalo  427114
Processing subhalo  427215
Processing subhalo  427314
Processing subhalo  388249
Processing subhalo  427419
Processing subhalo  427532
Processing subhalo  427607
Processing subhalo  427745
Processing subhalo  427829
Processing subhalo  427957
Processing subhalo  428037
Processing subhalo  348593
Processing subhalo  388428
Processing subhalo  348894
Processing subhalo  388615
Processing subhalo  349135
Processing subhalo  388818
Processing subhalo  349414
Processing subhalo  349624
Processing subhalo  389056
Processing subhalo  349897
Processing subhalo  350183
Processing subhalo  389156
Processing subhalo  389345
Processing subhalo  350486
Processing subhalo  389511
Processing subhalo  389704
Processing subhalo  350843
Processing subhalo  351071
Processing subhalo  389917
Processing subhalo  351452
Processing subhalo  390127
Processing subhalo  351779
Processing subhalo  390305
Processing subhalo  352061
Processing subhalo  390465
Processing subhalo  352359
Processing subhalo  390724
Processing subhalo  390859
Processing subhalo  352578
Processing subhalo  391081
Processing subhalo  352816
Processing subhalo  353167
Processing subhalo  391260
Processing subhalo  353423
Processing subhalo  353729
Processing subhalo  391447
Processing subhalo  353973
Processing subhalo  391681
Processing subhalo  354239
Processing subhalo  354483
Processing subhalo  391869
Processing subhalo  354727
Processing subhalo  392097
Processing subhalo  354986
Processing subhalo  355232
Processing subhalo  392253
Processing subhalo  392368
Processing subhalo  355537
Processing subhalo  355911
Processing subhalo  392585
Processing subhalo  356176
Processing subhalo  356415
Processing subhalo  392725
Processing subhalo  356678
Processing subhalo  392852
Processing subhalo  356906
Processing subhalo  392961
Processing subhalo  393117
Processing subhalo  393336
Processing subhalo  393546
Processing subhalo  357235
Processing subhalo  393731
Processing subhalo  357465
Processing subhalo  357765
Processing subhalo  393888
Processing subhalo  358016
Processing subhalo  394069
Processing subhalo  358273
Processing subhalo  394241
Processing subhalo  358582
Processing subhalo  394439
Processing subhalo  358886
Processing subhalo  359086
Processing subhalo  394600
Processing subhalo  359334
Processing subhalo  394719
Processing subhalo  359639
Processing subhalo  394850
Processing subhalo  359811
Processing subhalo  394986
Processing subhalo  395153
Processing subhalo  360087
Processing subhalo  395338
Processing subhalo  395533
Processing subhalo  360294
Processing subhalo  395735
Processing subhalo  360509
Processing subhalo  395882
Processing subhalo  396073
Processing subhalo  396266
Processing subhalo  360750
Processing subhalo  396462
Processing subhalo  360916
Processing subhalo  396640
Processing subhalo  361189
Processing subhalo  361418
Processing subhalo  361752
Processing subhalo  396851
Processing subhalo  362042
Processing subhalo  362370
Processing subhalo  362551
Processing subhalo  362780
Processing subhalo  363104
Processing subhalo  363315
Processing subhalo  363524
Processing subhalo  363736
Processing subhalo  363981
Processing subhalo  364263
Processing subhalo  364479
Processing subhalo  364807
Processing subhalo  365010
Processing subhalo  365263
Processing subhalo  365493
Processing subhalo  365743
Processing subhalo  366034
