we are running from this directory: /lustre1/work/aurorasg/TNG
 the name of the job is: basic_properties
Th job ID is 3468980
The job was run on these nodes: compute-2-0-26
Number of nodes: 1
We are using 1 cores
We are using 1 cores per node
Total of 1 cores
Linux compute-2-0-26.foreman.hpc.ntnu.no 3.10.0-693.21.1.el7.x86_64 #1 SMP Wed Mar 7 19:03:37 UTC 2018 x86_64 x86_64 x86_64 GNU/Linux
./src/cluster_run.sh: illegal option -- f
./src/cluster_run.sh: line 12: [: -gt: unary operator expected
./data/tng-100-1/cutdata/central_id.txt
Loading particles
Subhalo  17185
Loading particles
Subhalo  31342
Loading particles
Subhalo  41582
Loading particles
Subhalo  52618
Loading particles
Subhalo  60731
Loading particles
Subhalo  69507
Loading particles
Subhalo  76086
Loading particles
Subhalo  83280
Loading particles
Subhalo  88663
Loading particles
Subhalo  96500
Loading particles
Subhalo  102683
Loading particles
Subhalo  108012
Loading particles
Subhalo  114388
Loading particles
Subhalo  118679
Loading particles
Subhalo  121863
Loading particles
Subhalo  125027
Loading particles
Subhalo  128393
Loading particles
Subhalo  131047
Loading particles
Subhalo  134847
Loading particles
Subhalo  137885
Loading particles
Subhalo  140721
Loading particles
Subhalo  143884
Loading particles
Subhalo  146176
Loading particles
Subhalo  149169
Loading particles
Subhalo  152031
Loading particles
Subhalo  154493
Loading particles
Subhalo  156809
Loading particles
Subhalo  158847
Loading particles
Subhalo  161162
Loading particles
Subhalo  163675
Loading particles
Subhalo  165727
Loading particles
Subhalo  168390
Loading particles
Subhalo  170540
Loading particles
Subhalo  172649
Loading particles
Subhalo  175238
Loading particles
Subhalo  177719
Loading particles
Subhalo  179886
Loading particles
Subhalo  181983
Loading particles
Subhalo  184828
Loading particles
Subhalo  186927
Loading particles
Subhalo  188859
Loading particles
Subhalo  191079
Loading particles
Subhalo  192898
Loading particles
Subhalo  194946
Loading particles
Subhalo  197108
Loading particles
Subhalo  199321
Loading particles
Subhalo  200803
Loading particles
Subhalo  202634
Loading particles
Subhalo  204234
Loading particles
Subhalo  206226
Loading particles
Subhalo  207473
Loading particles
Subhalo  208781
Loading particles
Subhalo  210763
Loading particles
Subhalo  212836
Loading particles
Subhalo  214452
Loading particles
Subhalo  216016
Loading particles
Subhalo  217485
Loading particles
Subhalo  219032
Loading particles
Subhalo  220557
Loading particles
Subhalo  222267
Loading particles
Subhalo  223896
Loading particles
Subhalo  225155
Loading particles
Subhalo  226194
Loading particles
Subhalo  227574
Loading particles
Subhalo  228680
Loading particles
Subhalo  230235
Loading particles
Subhalo  231706
Loading particles
Subhalo  233214
Loading particles
Subhalo  234514
Loading particles
Subhalo  235692
Loading particles
Subhalo  236756
Loading particles
Subhalo  237941
Loading particles
Subhalo  239245
Loading particles
Subhalo  239993
Loading particles
Subhalo  241153
Loading particles
Subhalo  242214
Loading particles
Subhalo  243186
Loading particles
Subhalo  244318
Loading particles
Subhalo  245134
Loading particles
Subhalo  246232
Loading particles
Subhalo  247348
Loading particles
Subhalo  248157
Loading particles
Subhalo  249164
Loading particles
Subhalo  250390
Loading particles
Subhalo  251299
Loading particles
Subhalo  252245
Loading particles
Subhalo  252995
Loading particles
Subhalo  254112
Loading particles
Subhalo  254925
Loading particles
Subhalo  255614
Loading particles
Subhalo  256507
Loading particles
Subhalo  257302
Loading particles
Subhalo  258263
Loading particles
Subhalo  259114
Loading particles
Subhalo  260014
Loading particles
Subhalo  260862
Loading particles
Subhalo  261959
Loading particles
Subhalo  262659
Loading particles
Subhalo  263557
Loading particles
Subhalo  264412
Loading particles
Subhalo  265267
Loading particles
Subhalo  265926
Loading particles
Subhalo  266559
Loading particles
Subhalo  267323
Loading particles
Subhalo  268295
Loading particles
Subhalo  268908
Loading particles
Subhalo  269440
Loading particles
Subhalo  270079
Loading particles
Subhalo  270963
Loading particles
Subhalo  271729
Loading particles
Subhalo  272322
Loading particles
Subhalo  273141
Loading particles
Subhalo  273994
Loading particles
Subhalo  274790
Loading particles
Subhalo  275531
Loading particles
Subhalo  276219
Loading particles
Subhalo  277020
Loading particles
Subhalo  277687
Loading particles
Subhalo  278302
Loading particles
Subhalo  278854
Loading particles
Subhalo  279707
Loading particles
Subhalo  280454
Loading particles
Subhalo  281072
Loading particles
Subhalo  281700
Loading particles
Subhalo  282377
Loading particles
Subhalo  283011
Loading particles
Subhalo  283637
Loading particles
Subhalo  284316
Loading particles
Subhalo  284948
Loading particles
Subhalo  285479
Loading particles
Subhalo  286066
Loading particles
Subhalo  286695
Loading particles
Subhalo  287335
Loading particles
Subhalo  288014
Loading particles
Subhalo  288743
Loading particles
Subhalo  289426
Loading particles
Subhalo  289945
Loading particles
Subhalo  290643
Loading particles
Subhalo  291113
Loading particles
Subhalo  291888
Loading particles
Subhalo  292355
Loading particles
Subhalo  292921
Loading particles
Subhalo  293439
Loading particles
Subhalo  294047
Loading particles
Subhalo  294510
Loading particles
Subhalo  295077
Loading particles
Subhalo  295674
Loading particles
Subhalo  296302
Loading particles
Subhalo  296787
Loading particles
Subhalo  297210
Loading particles
Subhalo  297712
Loading particles
Subhalo  298206
Loading particles
Subhalo  298892
Loading particles
Subhalo  299429
Loading particles
Subhalo  299935
Loading particles
Subhalo  300568
Loading particles
Subhalo  301127
Loading particles
Subhalo  301746
Loading particles
Subhalo  302165
Loading particles
Subhalo  302773
Loading particles
Subhalo  303362
Loading particles
Subhalo  303710
Loading particles
Subhalo  304201
Loading particles
Subhalo  304726
Loading particles
Subhalo  305083
Loading particles
Subhalo  305653
Loading particles
Subhalo  306058
Loading particles
Subhalo  306516
Loading particles
Subhalo  306945
Loading particles
Subhalo  307438
Loading particles
Subhalo  308060
Loading particles
Subhalo  308598
Loading particles
Subhalo  309045
Loading particles
Subhalo  309428
Loading particles
Subhalo  309951
Loading particles
Subhalo  310509
Loading particles
Subhalo  310985
Loading particles
Subhalo  311302
Loading particles
Subhalo  311882
Loading particles
Subhalo  312412
Loading particles
Subhalo  312891
Loading particles
Subhalo  313402
Loading particles
Subhalo  313954
Loading particles
Subhalo  314365
Loading particles
Subhalo  314770
Loading particles
Subhalo  315140
Loading particles
Subhalo  315519
Loading particles
Subhalo  316029
Loading particles
Subhalo  316354
Loading particles
Subhalo  316855
Loading particles
Subhalo  317311
Loading particles
Subhalo  317711
Loading particles
Subhalo  318210
Loading particles
Subhalo  318633
Loading particles
Subhalo  319144
Loading particles
Subhalo  319643
Loading particles
Subhalo  320012
Loading particles
Subhalo  320433
Loading particles
Subhalo  320734
Loading particles
Subhalo  321204
Loading particles
Subhalo  321674
Loading particles
Subhalo  322160
Loading particles
Subhalo  322581
Loading particles
Subhalo  322979
Loading particles
Subhalo  323455
Loading particles
Subhalo  323851
Loading particles
Subhalo  324127
Loading particles
Subhalo  324572
Loading particles
Subhalo  324997
Loading particles
Subhalo  325335
Loading particles
Subhalo  325808
Loading particles
Subhalo  326217
Loading particles
Subhalo  326652
Loading particles
Subhalo  327112
Loading particles
Subhalo  327405
Loading particles
Subhalo  327822
Loading particles
Subhalo  328251
Loading particles
Subhalo  328677
Loading particles
Subhalo  329105
Loading particles
Subhalo  329515
Loading particles
Subhalo  329849
Loading particles
Subhalo  330208
Loading particles
Subhalo  330553
Loading particles
Subhalo  330955
Loading particles
Subhalo  331293
Loading particles
Subhalo  331701
Loading particles
Subhalo  332068
Loading particles
Subhalo  332389
Loading particles
Subhalo  332812
Loading particles
Subhalo  333258
Loading particles
Subhalo  333672
Loading particles
Subhalo  334028
Loading particles
Subhalo  334350
Loading particles
Subhalo  334727
Loading particles
Subhalo  335078
Loading particles
Subhalo  335486
Loading particles
Subhalo  335927
Loading particles
Subhalo  336276
Loading particles
Subhalo  336516
Loading particles
Subhalo  336796
Loading particles
Subhalo  337048
Loading particles
Subhalo  337444
Loading particles
Subhalo  337843
Loading particles
Subhalo  338148
Loading particles
Subhalo  338458
Loading particles
Subhalo  338817
Loading particles
Subhalo  339181
Loading particles
Subhalo  339547
Loading particles
Subhalo  339862
Loading particles
Subhalo  340106
Loading particles
Subhalo  340355
Loading particles
Subhalo  340585
Loading particles
Subhalo  340976
Loading particles
Subhalo  341356
Loading particles
Subhalo  341683
Loading particles
Subhalo  342047
Loading particles
Subhalo  342343
Loading particles
Subhalo  342689
Loading particles
Subhalo  343039
Loading particles
Subhalo  343429
Loading particles
Subhalo  343638
Loading particles
Subhalo  343988
Loading particles
Subhalo  344300
Loading particles
Subhalo  344593
Loading particles
Subhalo  344987
Loading particles
Subhalo  345250
Loading particles
Subhalo  345456
Loading particles
Subhalo  345812
Loading particles
Subhalo  346075
Loading particles
Subhalo  346420
Loading particles
Subhalo  346748
Loading particles
Subhalo  346976
Loading particles
Subhalo  347237
Loading particles
Subhalo  347508
Loading particles
Subhalo  347785
Loading particles
Subhalo  348038
Loading particles
Subhalo  348334
Loading particles
Subhalo  348593
Loading particles
Subhalo  348894
Loading particles
Subhalo  349135
Loading particles
Subhalo  349414
Loading particles
Subhalo  349624
Loading particles
Subhalo  349897
Loading particles
Subhalo  350183
Loading particles
Subhalo  350486
Loading particles
Subhalo  350843
Loading particles
Subhalo  351071
Loading particles
Subhalo  351452
Loading particles
Subhalo  351779
Loading particles
Subhalo  352061
Loading particles
Subhalo  352359
Loading particles
Subhalo  352578
Loading particles
Subhalo  352816
Loading particles
Subhalo  353167
Loading particles
Subhalo  353423
Loading particles
Subhalo  353729
Loading particles
Subhalo  353973
Loading particles
Subhalo  354239
Loading particles
Subhalo  354483
Loading particles
Subhalo  354727
Loading particles
Subhalo  354986
Loading particles
Subhalo  355232
Loading particles
Subhalo  355537
Loading particles
Subhalo  355911
Loading particles
Subhalo  356176
Loading particles
Subhalo  356415
Loading particles
Subhalo  356678
Loading particles
Subhalo  356906
Loading particles
Subhalo  357235
Loading particles
Subhalo  357465
Loading particles
Subhalo  357765
Loading particles
Subhalo  358016
Loading particles
Subhalo  358273
Loading particles
Subhalo  358582
Loading particles
Subhalo  358886
Loading particles
Subhalo  359086
Loading particles
Subhalo  359334
Loading particles
Subhalo  359639
Loading particles
Subhalo  359811
Loading particles
Subhalo  360087
Loading particles
Subhalo  360294
Loading particles
Subhalo  360509
Loading particles
Subhalo  360750
Loading particles
Subhalo  360916
Loading particles
Subhalo  361189
Loading particles
Subhalo  361418
Loading particles
Subhalo  361752
Loading particles
Subhalo  362042
Loading particles
Subhalo  362370
Loading particles
Subhalo  362551
Loading particles
Subhalo  362780
Loading particles
Subhalo  363104
Loading particles
Subhalo  363315
Loading particles
Subhalo  363524
Loading particles
Subhalo  363736
Loading particles
Subhalo  363981
Loading particles
Subhalo  364263
Loading particles
Subhalo  364479
Loading particles
Subhalo  364807
Loading particles
Subhalo  365010
Loading particles
Subhalo  365263
Loading particles
Subhalo  365493
Loading particles
Subhalo  365743
Loading particles
Subhalo  366034
Loading particles
Subhalo  366338
Loading particles
Subhalo  366565
Loading particles
Subhalo  366792
Loading particles
Subhalo  367139
Loading particles
Subhalo  367456
Loading particles
Subhalo  367688
Loading particles
Subhalo  367929
Loading particles
Subhalo  368170
Loading particles
Subhalo  368436
Loading particles
Subhalo  368697
Loading particles
Subhalo  368884
Loading particles
Subhalo  369152
Loading particles
Subhalo  369366
Loading particles
Subhalo  369545
Loading particles
Subhalo  369789
Loading particles
Subhalo  370003
Loading particles
Subhalo  370190
Loading particles
Subhalo  370529
Loading particles
Subhalo  370781
Loading particles
Subhalo  371013
Loading particles
Subhalo  371259
Loading particles
Subhalo  371471
Loading particles
Subhalo  371704
Loading particles
Subhalo  371859
Loading particles
Subhalo  372175
Loading particles
Subhalo  372343
Loading particles
Subhalo  372568
Loading particles
Subhalo  372778
Loading particles
Subhalo  373050
Loading particles
Subhalo  373291
Loading particles
Subhalo  373510
Loading particles
Subhalo  373699
Loading particles
Subhalo  373951
Loading particles
Subhalo  374228
Loading particles
Subhalo  374379
Loading particles
Subhalo  374593
Loading particles
Subhalo  374789
Loading particles
Subhalo  375020
Loading particles
Subhalo  375236
Loading particles
Subhalo  375401
Loading particles
Subhalo  375639
Loading particles
Subhalo  375909
Loading particles
Subhalo  376132
Loading particles
Subhalo  376356
Loading particles
Subhalo  376544
Loading particles
Subhalo  376738
Loading particles
Subhalo  376963
Loading particles
Subhalo  377212
Loading particles
Subhalo  377398
Loading particles
Subhalo  377539
Loading particles
Subhalo  377804
Loading particles
Subhalo  378115
Loading particles
Subhalo  378298
Loading particles
Subhalo  378526
Loading particles
Subhalo  378745
Loading particles
Subhalo  378943
Loading particles
Subhalo  379147
Loading particles
Subhalo  379320
Loading particles
Subhalo  379540
Loading particles
Subhalo  379732
Loading particles
Subhalo  379949
Loading particles
Subhalo  380119
Loading particles
Subhalo  380276
Loading particles
Subhalo  380475
Loading particles
Subhalo  380751
Loading particles
Subhalo  380934
Loading particles
Subhalo  381147
Loading particles
Subhalo  381392
Loading particles
Subhalo  381608
Loading particles
Subhalo  381831
Loading particles
Subhalo  382059
Loading particles
Subhalo  382256
Loading particles
Subhalo  382483
Loading particles
Subhalo  382684
Loading particles
Subhalo  382921
Loading particles
Subhalo  383118
Loading particles
Subhalo  383307
Loading particles
Subhalo  383506
Loading particles
Subhalo  383723
Loading particles
Subhalo  383945
Loading particles
Subhalo  384103
Loading particles
Subhalo  384355
Loading particles
Subhalo  384534
Loading particles
Subhalo  384705
Loading particles
Subhalo  384914
Loading particles
Subhalo  385115
Loading particles
Subhalo  385350
Loading particles
Subhalo  385582
Loading particles
Subhalo  385798
Loading particles
Subhalo  386003
Loading particles
Subhalo  386247
Loading particles
Subhalo  386429
Loading particles
Subhalo  386612
Loading particles
Subhalo  386827
Loading particles
Subhalo  387067
Loading particles
Subhalo  387236
Loading particles
Subhalo  387438
Loading particles
Subhalo  387590
Loading particles
Subhalo  387726
Loading particles
Subhalo  387936
Loading particles
Subhalo  388115
Loading particles
Subhalo  388249
Loading particles
Subhalo  388428
Loading particles
Subhalo  388615
Loading particles
Subhalo  388818
Loading particles
Subhalo  389056
Loading particles
Subhalo  389156
Loading particles
Subhalo  389345
Loading particles
Subhalo  389511
Loading particles
Subhalo  389704
Loading particles
Subhalo  389917
Loading particles
Subhalo  390127
Loading particles
Subhalo  390305
Loading particles
Subhalo  390465
Loading particles
Subhalo  390724
Loading particles
Subhalo  390859
Loading particles
Subhalo  391081
Loading particles
Subhalo  391260
Loading particles
Subhalo  391447
Loading particles
Subhalo  391681
Loading particles
Subhalo  391869
Loading particles
Subhalo  392097
Loading particles
Subhalo  392253
Loading particles
Subhalo  392368
Loading particles
Subhalo  392585
Loading particles
Subhalo  392725
Loading particles
Subhalo  392852
Loading particles
Subhalo  392961
Loading particles
Subhalo  393117
Loading particles
Subhalo  393336
Loading particles
Subhalo  393546
Loading particles
Subhalo  393731
Loading particles
Subhalo  393888
Loading particles
Subhalo  394069
Loading particles
Subhalo  394241
Loading particles
Subhalo  394439
Loading particles
Subhalo  394600
Loading particles
Subhalo  394719
Loading particles
Subhalo  394850
Loading particles
Subhalo  394986
Loading particles
Subhalo  395153
Loading particles
Subhalo  395338
Loading particles
Subhalo  395533
Loading particles
Subhalo  395735
Loading particles
Subhalo  395882
Loading particles
Subhalo  396073
Loading particles
Subhalo  396266
Loading particles
Subhalo  396462
Loading particles
Subhalo  396640
Loading particles
Subhalo  396851
Loading particles
Subhalo  397063
Loading particles
Subhalo  397260
Loading particles
Subhalo  397418
Loading particles
Subhalo  397568
Loading particles
Subhalo  397682
Loading particles
Subhalo  397866
Loading particles
Subhalo  398110
Loading particles
Subhalo  398282
Loading particles
Subhalo  398405
Loading particles
Subhalo  398549
Loading particles
Subhalo  398685
Loading particles
Subhalo  398913
Loading particles
Subhalo  399101
Loading particles
Subhalo  399267
Loading particles
Subhalo  399391
Loading particles
Subhalo  399520
Loading particles
Subhalo  399679
Loading particles
Subhalo  399844
Loading particles
Subhalo  399969
Loading particles
Subhalo  400089
Loading particles
Subhalo  400266
Loading particles
Subhalo  400426
Loading particles
Subhalo  400547
Loading particles
Subhalo  400694
Loading particles
Subhalo  400846
Loading particles
Subhalo  401062
Loading particles
Subhalo  401192
Loading particles
Subhalo  401328
Loading particles
Subhalo  401535
Loading particles
Subhalo  401670
Loading particles
Subhalo  401859
Loading particles
Subhalo  402017
Loading particles
Subhalo  402118
Loading particles
Subhalo  402293
Loading particles
Subhalo  402483
Loading particles
Subhalo  402635
Loading particles
Subhalo  402769
Loading particles
Subhalo  402979
Loading particles
Subhalo  403110
Loading particles
Subhalo  403261
Loading particles
Subhalo  403388
Loading particles
Subhalo  403506
Loading particles
Subhalo  403624
Loading particles
Subhalo  403787
Loading particles
Subhalo  403910
Loading particles
Subhalo  404093
Loading particles
Subhalo  404216
Loading particles
Subhalo  404319
Loading particles
Subhalo  404501
Loading particles
Subhalo  404644
Loading particles
Subhalo  404769
Loading particles
Subhalo  404888
Loading particles
Subhalo  405000
Loading particles
Subhalo  405133
Loading particles
Subhalo  405295
Loading particles
Subhalo  405460
Loading particles
Subhalo  405568
Loading particles
Subhalo  405745
Loading particles
Subhalo  405882
Loading particles
Subhalo  406136
Loading particles
Subhalo  406256
Loading particles
Subhalo  406380
Loading particles
Subhalo  406495
Loading particles
Subhalo  406698
Loading particles
Subhalo  406878
Loading particles
Subhalo  407020
Loading particles
Subhalo  407204
Loading particles
Subhalo  407320
Loading particles
Subhalo  407472
Loading particles
Subhalo  407606
Loading particles
Subhalo  407822
Loading particles
Subhalo  407926
Loading particles
Subhalo  408076
Loading particles
Subhalo  408224
Loading particles
Subhalo  408393
Loading particles
Subhalo  408497
Loading particles
Subhalo  408647
Loading particles
Subhalo  408764
Loading particles
Subhalo  408935
Loading particles
Subhalo  409086
Loading particles
Subhalo  409226
Loading particles
Subhalo  409358
Loading particles
Subhalo  409475
Loading particles
Subhalo  409645
Loading particles
Subhalo  409761
Loading particles
Subhalo  409883
Loading particles
Subhalo  409986
Loading particles
Subhalo  410140
Loading particles
Subhalo  410303
Loading particles
Subhalo  410456
Loading particles
Subhalo  410567
Loading particles
Subhalo  410700
Loading particles
Subhalo  410887
Loading particles
Subhalo  411034
Loading particles
Subhalo  411154
Loading particles
Subhalo  411321
Loading particles
Subhalo  411452
Loading particles
Subhalo  411637
Loading particles
Subhalo  411783
Loading particles
Subhalo  411949
Loading particles
Subhalo  412079
Loading particles
Subhalo  412199
Loading particles
Subhalo  412332
Loading particles
Subhalo  412442
Loading particles
Subhalo  412591
Loading particles
Subhalo  412743
Loading particles
Subhalo  412911
Loading particles
Subhalo  413091
Loading particles
Subhalo  413194
Loading particles
Subhalo  413363
Loading particles
Subhalo  413463
Loading particles
Subhalo  413608
Loading particles
Subhalo  413747
Loading particles
Subhalo  413928
Loading particles
Subhalo  414050
Loading particles
Subhalo  414146
Loading particles
Subhalo  414277
Loading particles
Subhalo  414447
Loading particles
Subhalo  414549
Loading particles
Subhalo  414651
Loading particles
Subhalo  414759
Loading particles
Subhalo  414990
Loading particles
Subhalo  415113
Loading particles
Subhalo  415211
Loading particles
Subhalo  415373
Loading particles
Subhalo  415496
Loading particles
Subhalo  415628
Loading particles
Subhalo  415823
Loading particles
Subhalo  415972
Loading particles
Subhalo  416112
Loading particles
Subhalo  416258
Loading particles
Subhalo  416399
Loading particles
Subhalo  416522
Loading particles
Subhalo  416627
Loading particles
Subhalo  416752
Loading particles
Subhalo  416897
Loading particles
Subhalo  417032
Loading particles
Subhalo  417122
Loading particles
Subhalo  417281
Loading particles
Subhalo  417411
Loading particles
Subhalo  417581
Loading particles
Subhalo  417717
Loading particles
Subhalo  417793
Loading particles
Subhalo  417939
Loading particles
Subhalo  418076
Loading particles
Subhalo  418230
Loading particles
Subhalo  418325
Loading particles
Subhalo  418452
Loading particles
Subhalo  418576
Loading particles
Subhalo  418770
Loading particles
Subhalo  418911
Loading particles
Subhalo  419061
Loading particles
Subhalo  419203
Loading particles
Subhalo  419301
Loading particles
Subhalo  419428
Loading particles
Subhalo  419575
Loading particles
Subhalo  419749
Loading particles
Subhalo  419909
Loading particles
Subhalo  420059
Loading particles
Subhalo  420172
Loading particles
Subhalo  420304
Loading particles
Subhalo  420435
Loading particles
Subhalo  420550
Loading particles
Subhalo  420658
Loading particles
Subhalo  420815
Loading particles
Subhalo  420924
Loading particles
Subhalo  421031
Loading particles
Subhalo  421134
Loading particles
Subhalo  421312
Loading particles
Subhalo  421450
Loading particles
Subhalo  421568
Loading particles
Subhalo  421711
Loading particles
Subhalo  421835
Loading particles
Subhalo  421956
Loading particles
Subhalo  422109
Loading particles
Subhalo  422231
Loading particles
Subhalo  422426
Loading particles
Subhalo  422551
Loading particles
Subhalo  422662
Loading particles
Subhalo  422831
Loading particles
Subhalo  423013
Loading particles
Subhalo  423110
Loading particles
Subhalo  423282
Loading particles
Subhalo  423387
Loading particles
Subhalo  423527
Loading particles
Subhalo  423657
Loading particles
Subhalo  423804
Loading particles
Subhalo  423908
Loading particles
Subhalo  424043
Loading particles
Subhalo  424152
Loading particles
Subhalo  424255
Loading particles
Subhalo  424362
Loading particles
Subhalo  424485
Loading particles
Subhalo  424571
Loading particles
Subhalo  424725
Loading particles
Subhalo  424803
Loading particles
Subhalo  424910
Loading particles
Subhalo  424986
Loading particles
Subhalo  425061
Loading particles
Subhalo  425185
Loading particles
Subhalo  425337
Loading particles
Subhalo  425487
Loading particles
Subhalo  425605
Loading particles
Subhalo  425729
Loading particles
Subhalo  425836
Loading particles
Subhalo  425940
Loading particles
Subhalo  426086
Loading particles
Subhalo  426242
Loading particles
Subhalo  426361
Loading particles
Subhalo  426483
Loading particles
Subhalo  426575
Loading particles
Subhalo  426665
Loading particles
Subhalo  426764
Loading particles
Subhalo  426902
Loading particles
Subhalo  426984
Loading particles
Subhalo  427114
Loading particles
Subhalo  427215
Loading particles
Subhalo  427314
Loading particles
Subhalo  427419
Loading particles
Subhalo  427532
Loading particles
Subhalo  427607
Loading particles
Subhalo  427745
Loading particles
Subhalo  427829
Loading particles
Subhalo  427957
Loading particles
Subhalo  428037
Loading particles
Subhalo  428158
Loading particles
Subhalo  428289
Loading particles
Subhalo  428431
Loading particles
Subhalo  428537
Loading particles
Subhalo  428616
Loading particles
Subhalo  428715
Loading particles
Subhalo  428813
Loading particles
Subhalo  428927
Loading particles
Subhalo  429041
Loading particles
Subhalo  429127
Loading particles
Subhalo  429237
Loading particles
Subhalo  429314
Loading particles
Subhalo  429435
Loading particles
Subhalo  429556
Loading particles
Subhalo  429678
Loading particles
Subhalo  429758
Loading particles
Subhalo  429862
Loading particles
Subhalo  429989
Loading particles
Subhalo  430070
Loading particles
Subhalo  430183
Loading particles
Subhalo  430285
Loading particles
Subhalo  430394
Loading particles
Subhalo  430470
Loading particles
Subhalo  430589
Loading particles
Subhalo  430683
Loading particles
Subhalo  430850
Loading particles
Subhalo  430972
Loading particles
Subhalo  431106
Loading particles
Subhalo  431201
Loading particles
Subhalo  431282
Loading particles
Subhalo  431390
Loading particles
Subhalo  431536
Loading particles
Subhalo  431635
Loading particles
Subhalo  431751
Loading particles
Subhalo  431868
Loading particles
Subhalo  431986
Loading particles
Subhalo  432130
Loading particles
Subhalo  432254
Loading particles
Subhalo  432379
Loading particles
Subhalo  432485
Loading particles
Subhalo  432592
Loading particles
Subhalo  432711
Loading particles
Subhalo  432831
Loading particles
Subhalo  432927
Loading particles
Subhalo  433038
Loading particles
Subhalo  433111
Loading particles
Subhalo  433217
Loading particles
Subhalo  433317
Loading particles
Subhalo  433401
Loading particles
Subhalo  433537
Loading particles
Subhalo  433656
Loading particles
Subhalo  433723
Loading particles
Subhalo  433813
Loading particles
Subhalo  433936
Loading particles
Subhalo  434026
Loading particles
Subhalo  434152
Loading particles
Subhalo  434303
Loading particles
Subhalo  434410
Loading particles
Subhalo  434541
Loading particles
Subhalo  434681
Loading particles
Subhalo  434787
Loading particles
Subhalo  434938
Loading particles
Subhalo  435020
Loading particles
Subhalo  435126
Loading particles
Subhalo  435223
Loading particles
Subhalo  435309
Loading particles
Subhalo  435417
Loading particles
Subhalo  435547
Loading particles
Subhalo  435685
Loading particles
Subhalo  435782
Loading particles
Subhalo  435868
Loading particles
Subhalo  436003
Loading particles
Subhalo  436127
Loading particles
Subhalo  436233
Loading particles
Subhalo  436349
Loading particles
Subhalo  436458
Loading particles
Subhalo  436551
Loading particles
Subhalo  436642
Loading particles
Subhalo  436797
Loading particles
Subhalo  436917
Loading particles
Subhalo  436991
Loading particles
Subhalo  437121
Loading particles
Subhalo  437239
Loading particles
Subhalo  437314
Loading particles
Subhalo  437408
Loading particles
Subhalo  437507
Loading particles
Subhalo  437645
Loading particles
Subhalo  437749
Loading particles
Subhalo  437822
Loading particles
Subhalo  437945
Loading particles
Subhalo  438038
Loading particles
Subhalo  438167
Loading particles
Subhalo  438297
Loading particles
Subhalo  438368
Loading particles
Subhalo  438453
Loading particles
Subhalo  438568
Loading particles
Subhalo  438669
Loading particles
Subhalo  438787
Loading particles
Subhalo  438890
Loading particles
Subhalo  438996
Loading particles
Subhalo  439078
Loading particles
Subhalo  439201
Loading particles
Subhalo  439283
Loading particles
Subhalo  439392
Loading particles
Subhalo  439468
Loading particles
Subhalo  439518
Loading particles
Subhalo  439630
Loading particles
Subhalo  439732
Loading particles
Subhalo  439827
Loading particles
Subhalo  439922
Loading particles
Subhalo  440024
Loading particles
Subhalo  440144
Loading particles
Subhalo  440193
Loading particles
Subhalo  440289
Loading particles
Subhalo  440377
Loading particles
Subhalo  440477
Loading particles
Subhalo  440568
Loading particles
Subhalo  440642
Loading particles
Subhalo  440726
Loading particles
Subhalo  440827
Loading particles
Subhalo  440923
Loading particles
Subhalo  441036
Loading particles
Subhalo  441141
Loading particles
Subhalo  441218
Loading particles
Subhalo  441327
Loading particles
Subhalo  441397
Loading particles
Subhalo  441494
Loading particles
Subhalo  441574
Loading particles
Subhalo  441667
Loading particles
Subhalo  441763
Loading particles
Subhalo  441857
Loading particles
Subhalo  441939
Loading particles
Subhalo  442084
Loading particles
Subhalo  442154
Loading particles
Subhalo  442227
Loading particles
Subhalo  442299
Loading particles
Subhalo  442350
Loading particles
Subhalo  442439
Loading particles
Subhalo  442532
Loading particles
Subhalo  442637
Loading particles
Subhalo  442761
Loading particles
Subhalo  442855
Loading particles
Subhalo  442979
Loading particles
Subhalo  443097
Loading particles
Subhalo  443175
Loading particles
Subhalo  443249
Loading particles
Subhalo  443356
Loading particles
Subhalo  443421
Loading particles
Subhalo  443498
Loading particles
Subhalo  443587
Loading particles
Subhalo  443683
Loading particles
Subhalo  443746
Loading particles
Subhalo  443801
Loading particles
Subhalo  443914
Loading particles
Subhalo  444067
Loading particles
Subhalo  444184
Loading particles
Subhalo  444251
Loading particles
Subhalo  444340
Loading particles
Subhalo  444442
Loading particles
Subhalo  444545
Loading particles
Subhalo  444631
Loading particles
Subhalo  444728
Loading particles
Subhalo  444834
Loading particles
Subhalo  444929
Loading particles
Subhalo  444997
Loading particles
Subhalo  445092
Loading particles
Subhalo  445185
Loading particles
Subhalo  445271
Loading particles
Subhalo  445342
Loading particles
Subhalo  445420
Loading particles
Subhalo  445515
Loading particles
Subhalo  445567
Loading particles
Subhalo  445658
Loading particles
Subhalo  445753
Loading particles
Subhalo  445878
Loading particles
Subhalo  445939
Loading particles
Subhalo  446011
Loading particles
Subhalo  446112
Loading particles
Subhalo  446172
Loading particles
Subhalo  446253
Loading particles
Subhalo  446330
Loading particles
Subhalo  446449
Loading particles
Subhalo  446548
Loading particles
Subhalo  446612
Loading particles
Subhalo  446682
Loading particles
Subhalo  446786
Loading particles
Subhalo  446937
Loading particles
Subhalo  447042
Loading particles
Subhalo  447153
Loading particles
Subhalo  447236
Loading particles
Subhalo  447350
Loading particles
Subhalo  447433
Loading particles
Subhalo  447532
Loading particles
Subhalo  447606
Loading particles
Subhalo  447695
Loading particles
Subhalo  447767
Loading particles
Subhalo  447886
Loading particles
Subhalo  448021
Loading particles
Subhalo  448111
Loading particles
Subhalo  448196
Loading particles
Subhalo  448269
Loading particles
Subhalo  448371
Loading particles
Subhalo  448447
Loading particles
Subhalo  448525
Loading particles
Subhalo  448642
Loading particles
Subhalo  448732
Loading particles
Subhalo  448840
Loading particles
Subhalo  448928
Loading particles
Subhalo  449034
Loading particles
Subhalo  449099
Loading particles
Subhalo  449201
Loading particles
Subhalo  449267
Loading particles
Subhalo  449361
Loading particles
Subhalo  449465
Loading particles
Subhalo  449549
Loading particles
Subhalo  449651
Loading particles
Subhalo  449733
Loading particles
Subhalo  449846
Loading particles
Subhalo  449910
Loading particles
Subhalo  449972
Loading particles
Subhalo  450046
Loading particles
Subhalo  450126
Loading particles
Subhalo  450177
Loading particles
Subhalo  450265
Loading particles
Subhalo  450337
Loading particles
Subhalo  450420
Loading particles
Subhalo  450493
Loading particles
Subhalo  450593
Loading particles
Subhalo  450683
Loading particles
Subhalo  450767
Loading particles
Subhalo  450849
Loading particles
Subhalo  450920
Loading particles
Subhalo  451005
Loading particles
Subhalo  451090
Loading particles
Subhalo  451179
Loading particles
Subhalo  451243
Loading particles
Subhalo  451323
Loading particles
Subhalo  451410
Loading particles
Subhalo  451503
Loading particles
Subhalo  451626
Loading particles
Subhalo  451693
Loading particles
Subhalo  451807
Loading particles
Subhalo  451860
Loading particles
Subhalo  451961
Loading particles
Subhalo  452045
Loading particles
Subhalo  452112
Loading particles
Subhalo  452185
Loading particles
Subhalo  452279
Loading particles
Subhalo  452357
Loading particles
Subhalo  452395
Loading particles
Subhalo  452500
Loading particles
Subhalo  452577
Loading particles
Subhalo  452651
Loading particles
Subhalo  452737
Loading particles
Subhalo  452839
Loading particles
Subhalo  452895
Loading particles
Subhalo  452955
Loading particles
Subhalo  453019
Loading particles
Subhalo  453081
Loading particles
Subhalo  453134
Loading particles
Subhalo  453231
Loading particles
Subhalo  453313
Loading particles
Subhalo  453393
Loading particles
Subhalo  453450
Loading particles
Subhalo  453526
Loading particles
Subhalo  453609
Loading particles
Subhalo  453713
Loading particles
Subhalo  453753
Loading particles
Subhalo  453835
Loading particles
Subhalo  453961
Loading particles
Subhalo  454015
Loading particles
Subhalo  454074
Loading particles
Subhalo  454151
Loading particles
Subhalo  454247
Loading particles
Subhalo  454306
Loading particles
Subhalo  454376
Loading particles
Subhalo  454462
Loading particles
Subhalo  454539
Loading particles
Subhalo  454633
Loading particles
Subhalo  454729
Loading particles
Subhalo  454795
Loading particles
Subhalo  454898
Loading particles
Subhalo  454963
Loading particles
Subhalo  455058
Loading particles
Subhalo  455109
Loading particles
Subhalo  455198
Loading particles
Subhalo  455258
Loading particles
Subhalo  455335
Loading particles
Subhalo  455413
Loading particles
Subhalo  455479
Loading particles
Subhalo  455551
Loading particles
Subhalo  455637
Loading particles
Subhalo  455730
Loading particles
Subhalo  455857
Loading particles
Subhalo  455957
Loading particles
Subhalo  456014
Loading particles
Subhalo  456114
Loading particles
Subhalo  456168
Loading particles
Subhalo  456234
Loading particles
Subhalo  456283
Loading particles
Subhalo  456381
Loading particles
Subhalo  456456
Loading particles
Subhalo  456538
Loading particles
Subhalo  456584
Loading particles
Subhalo  456634
Loading particles
Subhalo  456725
Loading particles
Subhalo  456786
Loading particles
Subhalo  456872
Loading particles
Subhalo  456921
Loading particles
Subhalo  457000
Loading particles
Subhalo  457086
Loading particles
Subhalo  457169
Loading particles
Subhalo  457227
Loading particles
Subhalo  457296
Loading particles
Subhalo  457361
Loading particles
Subhalo  457452
Loading particles
Subhalo  457514
Loading particles
Subhalo  457604
Loading particles
Subhalo  457697
Loading particles
Subhalo  457781
Loading particles
Subhalo  457871
Loading particles
Subhalo  457931
Loading particles
Subhalo  457998
Loading particles
Subhalo  458028
Loading particles
Subhalo  458111
Loading particles
Subhalo  458174
Loading particles
Subhalo  458231
Loading particles
Subhalo  458302
Loading particles
Subhalo  458378
Loading particles
Subhalo  458447
Loading particles
Subhalo  458509
Loading particles
Subhalo  458604
Loading particles
Subhalo  458658
Loading particles
Subhalo  458722
Loading particles
Subhalo  458784
Loading particles
Subhalo  458864
Loading particles
Subhalo  458945
Loading particles
Subhalo  459020
Loading particles
Subhalo  459084
Loading particles
Subhalo  459169
Loading particles
Subhalo  459243
Loading particles
Subhalo  459270
Loading particles
Subhalo  459360
Loading particles
Subhalo  459394
Loading particles
Subhalo  459517
Loading particles
Subhalo  459576
Loading particles
Subhalo  459665
Loading particles
Subhalo  459730
Loading particles
Subhalo  459786
Loading particles
Subhalo  459850
Loading particles
Subhalo  459906
Loading particles
Subhalo  459959
Loading particles
Subhalo  460008
Loading particles
Subhalo  460076
Loading particles
Subhalo  460117
Loading particles
Subhalo  460193
Loading particles
Subhalo  460273
Loading particles
Subhalo  460351
Loading particles
Subhalo  460434
Loading particles
Subhalo  460526
Loading particles
Subhalo  460595
Loading particles
Subhalo  460692
Loading particles
Subhalo  460746
Loading particles
Subhalo  460823
Loading particles
Subhalo  460888
Loading particles
Subhalo  460939
Loading particles
Subhalo  461038
Loading particles
Subhalo  461136
Loading particles
Subhalo  461202
Loading particles
Subhalo  461283
Loading particles
Subhalo  461364
Loading particles
Subhalo  461450
Loading particles
Subhalo  461521
Loading particles
Subhalo  461609
Loading particles
Subhalo  461667
Loading particles
Subhalo  461709
Loading particles
Subhalo  461806
Loading particles
Subhalo  461864
Loading particles
Subhalo  461929
Loading particles
Subhalo  462010
Loading particles
Subhalo  462077
Loading particles
Subhalo  462141
Loading particles
Subhalo  462189
Loading particles
Subhalo  462241
Loading particles
Subhalo  462323
Loading particles
Subhalo  462391
Loading particles
Subhalo  462481
Loading particles
Subhalo  462564
Loading particles
Subhalo  462631
Loading particles
Subhalo  462690
Loading particles
Subhalo  462775
Loading particles
Subhalo  462832
Loading particles
Subhalo  462904
Loading particles
Subhalo  462986
Loading particles
Subhalo  463062
Loading particles
Subhalo  463139
Loading particles
Subhalo  463233
Loading particles
Subhalo  463278
Loading particles
Subhalo  463340
Loading particles
Subhalo  463395
Loading particles
Subhalo  463453
Loading particles
Subhalo  463521
Loading particles
Subhalo  463597
Loading particles
Subhalo  463649
Loading particles
Subhalo  463750
Loading particles
Subhalo  463804
Loading particles
Subhalo  463894
Loading particles
Subhalo  463958
Loading particles
Subhalo  464018
Loading particles
Subhalo  464110
Loading particles
Subhalo  464182
Loading particles
Subhalo  464247
Loading particles
Subhalo  464292
Loading particles
Subhalo  464331
Loading particles
Subhalo  464422
Loading particles
Subhalo  464490
Loading particles
Subhalo  464539
Loading particles
Subhalo  464576
Loading particles
Subhalo  464669
Loading particles
Subhalo  464742
Loading particles
Subhalo  464788
Loading particles
Subhalo  464894
Loading particles
Subhalo  464936
Loading particles
Subhalo  465016
Loading particles
Subhalo  465080
Loading particles
Subhalo  465136
Loading particles
Subhalo  465205
Loading particles
Subhalo  465284
Loading particles
Subhalo  465320
Loading particles
Subhalo  465361
Loading particles
Subhalo  465412
Loading particles
Subhalo  465495
Loading particles
Subhalo  465548
Loading particles
Subhalo  465614
Loading particles
Subhalo  465693
Loading particles
Subhalo  465764
Loading particles
Subhalo  465842
Loading particles
Subhalo  465921
Loading particles
Subhalo  466003
Loading particles
Subhalo  466055
Loading particles
Subhalo  466133
Loading particles
Subhalo  466182
Loading particles
Subhalo  466265
Loading particles
Subhalo  466332
Loading particles
Subhalo  466387
Loading particles
Subhalo  466436
Loading particles
Subhalo  466493
Loading particles
Subhalo  466599
Loading particles
Subhalo  466694
Loading particles
Subhalo  466746
Loading particles
Subhalo  466801
Loading particles
Subhalo  466894
Loading particles
Subhalo  466958
Loading particles
Subhalo  467011
Loading particles
Subhalo  467052
Loading particles
Subhalo  467127
Loading particles
Subhalo  467212
Loading particles
Subhalo  467256
Loading particles
Subhalo  467308
Loading particles
Subhalo  467385
Loading particles
Subhalo  467445
Loading particles
Subhalo  467519
Loading particles
Subhalo  467575
Loading particles
Subhalo  467628
Loading particles
Subhalo  467700
Loading particles
Subhalo  467740
Loading particles
Subhalo  467798
Loading particles
Subhalo  467871
Loading particles
Subhalo  467919
Loading particles
Subhalo  467958
Loading particles
Subhalo  468006
Loading particles
Subhalo  468064
Loading particles
Subhalo  468110
Loading particles
Subhalo  468168
Loading particles
Subhalo  468251
Loading particles
Subhalo  468318
Loading particles
Subhalo  468382
Loading particles
Subhalo  468450
Loading particles
Subhalo  468508
Loading particles
Subhalo  468590
Loading particles
Subhalo  468623
Loading particles
Subhalo  468695
Loading particles
Subhalo  468759
Loading particles
Subhalo  468817
Loading particles
Subhalo  468888
Loading particles
Subhalo  468921
Loading particles
Subhalo  468967
Loading particles
Subhalo  469060
Loading particles
Subhalo  469102
Loading particles
Subhalo  469147
Loading particles
Subhalo  469204
Loading particles
Subhalo  469265
Loading particles
Subhalo  469315
Loading particles
Subhalo  469377
Loading particles
Subhalo  469438
Loading particles
Subhalo  469464
Loading particles
Subhalo  469502
Loading particles
Subhalo  469539
Loading particles
Subhalo  469589
Loading particles
Subhalo  469657
Loading particles
Subhalo  469705
Loading particles
Subhalo  469740
Loading particles
Subhalo  469803
Loading particles
Subhalo  469879
Loading particles
Subhalo  469930
Loading particles
Subhalo  469967
Loading particles
Subhalo  470060
Loading particles
Subhalo  470134
Loading particles
Subhalo  470178
Loading particles
Subhalo  470252
Loading particles
Subhalo  470322
Loading particles
Subhalo  470380
Loading particles
Subhalo  470420
Loading particles
Subhalo  470493
Loading particles
Subhalo  470548
Loading particles
Subhalo  470617
Loading particles
Subhalo  470679
Loading particles
Subhalo  470728
Loading particles
Subhalo  470808
Loading particles
Subhalo  470884
Loading particles
Subhalo  470950
Loading particles
Subhalo  471006
Loading particles
Subhalo  471109
Loading particles
Subhalo  471161
Loading particles
Subhalo  471219
Loading particles
Subhalo  471358
Loading particles
Subhalo  471420
Loading particles
Subhalo  471468
Loading particles
Subhalo  471517
Loading particles
Subhalo  471591
Loading particles
Subhalo  471665
Loading particles
Subhalo  471740
Loading particles
Subhalo  471801
Loading particles
Subhalo  471857
Loading particles
Subhalo  471901
Loading particles
Subhalo  471951
Loading particles
Subhalo  472020
Loading particles
Subhalo  472104
Loading particles
Subhalo  472174
Loading particles
Subhalo  472218
Loading particles
Subhalo  472295
Loading particles
Subhalo  472362
Loading particles
Subhalo  472418
Loading particles
Subhalo  472457
Loading particles
Subhalo  472499
Loading particles
Subhalo  472550
Loading particles
Subhalo  472641
Loading particles
Subhalo  472685
Loading particles
Subhalo  472747
Loading particles
Subhalo  472824
Loading particles
Subhalo  472884
Loading particles
Subhalo  472955
Loading particles
Subhalo  473004
Loading particles
Subhalo  473055
Loading particles
Subhalo  473125
Loading particles
Subhalo  473166
Loading particles
Subhalo  473207
Loading particles
Subhalo  473287
Loading particles
Subhalo  473349
Loading particles
Subhalo  473420
Loading particles
Subhalo  473471
Loading particles
Subhalo  473514
Loading particles
Subhalo  473563
Loading particles
Subhalo  473641
Loading particles
Subhalo  473676
Loading particles
Subhalo  473753
Loading particles
Subhalo  473815
Loading particles
Subhalo  473858
Loading particles
Subhalo  473898
Loading particles
Subhalo  473957
Loading particles
Subhalo  474017
Loading particles
Subhalo  474061
Loading particles
Subhalo  474127
Loading particles
Subhalo  474170
Loading particles
Subhalo  474204
Loading particles
Subhalo  474231
Loading particles
Subhalo  474271
Loading particles
Subhalo  474320
Loading particles
Subhalo  474377
Loading particles
Subhalo  474437
Loading particles
Subhalo  474505
Loading particles
Subhalo  474569
Loading particles
Subhalo  474623
Loading particles
Subhalo  474674
Loading particles
Subhalo  474757
Loading particles
Subhalo  474813
Loading particles
Subhalo  474860
Loading particles
Subhalo  474918
Loading particles
Subhalo  474979
Loading particles
Subhalo  475020
Loading particles
Subhalo  475098
Loading particles
Subhalo  475171
Loading particles
Subhalo  475220
Loading particles
Subhalo  475293
Loading particles
Subhalo  475354
Loading particles
Subhalo  475440
Loading particles
Subhalo  475490
Loading particles
Subhalo  475542
Loading particles
Subhalo  475603
Loading particles
Subhalo  475656
Loading particles
Subhalo  475722
Loading particles
Subhalo  475781
Loading particles
Subhalo  475865
Loading particles
Subhalo  475906
Loading particles
Subhalo  475956
Loading particles
Subhalo  476005
Loading particles
Subhalo  476044
Loading particles
Subhalo  476118
Loading particles
Subhalo  476172
Loading particles
Subhalo  476232
Loading particles
Subhalo  476295
Loading particles
Subhalo  476362
Loading particles
Subhalo  476417
Loading particles
Subhalo  476487
Loading particles
Subhalo  476527
Loading particles
Subhalo  476557
Loading particles
Subhalo  476624
Loading particles
Subhalo  476696
Loading particles
Subhalo  476745
Loading particles
Subhalo  476820
Loading particles
Subhalo  476892
Loading particles
Subhalo  476944
Loading particles
Subhalo  476997
Loading particles
Subhalo  477031
Loading particles
Subhalo  477089
Loading particles
Subhalo  477119
Loading particles
Subhalo  477179
Loading particles
Subhalo  477227
Loading particles
Subhalo  477290
Loading particles
Subhalo  477378
Loading particles
Subhalo  477419
Loading particles
Subhalo  477474
Loading particles
Subhalo  477518
Loading particles
Subhalo  477564
Loading particles
Subhalo  477624
Loading particles
Subhalo  477677
Loading particles
Subhalo  477745
Loading particles
Subhalo  477802
Loading particles
Subhalo  477875
Loading particles
Subhalo  477919
Loading particles
Subhalo  477974
Loading particles
Subhalo  478037
Loading particles
Subhalo  478092
Loading particles
Subhalo  478160
Loading particles
Subhalo  478247
Loading particles
Subhalo  478298
Loading particles
Subhalo  478357
Loading particles
Subhalo  478410
Loading particles
Subhalo  478452
Loading particles
Subhalo  478496
Loading particles
Subhalo  478535
Loading particles
Subhalo  478604
Loading particles
Subhalo  478661
Loading particles
Subhalo  478696
Loading particles
Subhalo  478759
Loading particles
Subhalo  478856
Loading particles
Subhalo  478927
Loading particles
Subhalo  479002
Loading particles
Subhalo  479056
Loading particles
Subhalo  479117
Loading particles
Subhalo  479174
Loading particles
Subhalo  479221
Loading particles
Subhalo  479264
Loading particles
Subhalo  479314
Loading particles
Subhalo  479372
Loading particles
Subhalo  479411
Loading particles
Subhalo  479461
Loading particles
Subhalo  479560
Loading particles
Subhalo  479628
Loading particles
Subhalo  479682
Loading particles
Subhalo  479745
Loading particles
Subhalo  479798
Loading particles
Subhalo  479839
Loading particles
Subhalo  479884
Loading particles
Subhalo  479917
Loading particles
Subhalo  480000
Loading particles
Subhalo  480073
Loading particles
Subhalo  480151
Loading particles
Subhalo  480194
Loading particles
Subhalo  480230
Loading particles
Subhalo  480285
Loading particles
Subhalo  480345
Loading particles
Subhalo  480391
Loading particles
Subhalo  480441
Loading particles
Subhalo  480497
Loading particles
Subhalo  480550
Loading particles
Subhalo  480587
Loading particles
Subhalo  480645
Loading particles
Subhalo  480712
Loading particles
Subhalo  480750
Loading particles
Subhalo  480803
Loading particles
Subhalo  480879
Loading particles
Subhalo  480931
Loading particles
Subhalo  480989
Loading particles
Subhalo  481036
Loading particles
Subhalo  481064
Loading particles
Subhalo  481126
Loading particles
Subhalo  481171
Loading particles
Subhalo  481254
Loading particles
Subhalo  481300
Loading particles
Subhalo  481347
Loading particles
Subhalo  481405
Loading particles
Subhalo  481453
Loading particles
Subhalo  481503
Loading particles
Subhalo  481545
Loading particles
Subhalo  481597
Loading particles
Subhalo  481653
Loading particles
Subhalo  481724
Loading particles
Subhalo  481804
Loading particles
Subhalo  481855
Loading particles
Subhalo  481894
Loading particles
Subhalo  481947
Loading particles
Subhalo  482006
Loading particles
Subhalo  482054
Loading particles
Subhalo  482117
Loading particles
Subhalo  482169
Loading particles
Subhalo  482196
Loading particles
Subhalo  482257
Loading particles
Subhalo  482323
Loading particles
Subhalo  482368
Loading particles
Subhalo  482435
Loading particles
Subhalo  482479
Loading particles
Subhalo  482533
Loading particles
Subhalo  482589
Loading particles
Subhalo  482614
Loading particles
Subhalo  482674
Loading particles
Subhalo  482714
Loading particles
Subhalo  482757
Loading particles
Subhalo  482814
Traceback (most recent call last):
  File "./src/cluster_run.py", line 24, in <module>
    safe_tester.test_all(args.tng, test_name, int(args.subhalo), 99)
  File "/lustre1/work/aurorasg/TNG/src/safe_tester.py", line 36, in test_all
    temp_cat = test.mass_vel_photo(tng_run, snapshot, dm_part_mass, i)
  File "/lustre1/work/aurorasg/TNG/src/tng100_test.py", line 62, in mass_vel_photo
    gas = il.pandasformat.dict_to_pandas(il.snapshot.loadSubhalo(base_path, snapshot, i, 'gas', fields["gas"]))
  File "/lustre1/work/aurorasg/TNG/src/illustris_python/pandasformat.py", line 85, in dict_to_pandas
    df = pd.DataFrame(data, dtype=object)
  File "/share/apps/software/Core/Anaconda3/2018.12/lib/python3.7/site-packages/pandas/core/frame.py", line 348, in __init__
    mgr = self._init_dict(data, index, columns, dtype=dtype)
  File "/share/apps/software/Core/Anaconda3/2018.12/lib/python3.7/site-packages/pandas/core/frame.py", line 459, in _init_dict
    return _arrays_to_mgr(arrays, data_names, index, columns, dtype=dtype)
  File "/share/apps/software/Core/Anaconda3/2018.12/lib/python3.7/site-packages/pandas/core/frame.py", line 7356, in _arrays_to_mgr
    index = extract_index(arrays)
  File "/share/apps/software/Core/Anaconda3/2018.12/lib/python3.7/site-packages/pandas/core/frame.py", line 7393, in extract_index
    raise ValueError('If using all scalar values, you must pass'
ValueError: If using all scalar values, you must pass an index
Loading particles
Subhalo  482869
Loading particles
Subhalo  482925
Loading particles
Subhalo  482987
Loading particles
Subhalo  483033
Loading particles
Subhalo  483068
Loading particles
Subhalo  483113
Loading particles
Subhalo  483179
Loading particles
Subhalo  483214
Loading particles
Subhalo  483269
Loading particles
Subhalo  483323
Loading particles
Subhalo  483370
Loading particles
Subhalo  483421
Loading particles
Subhalo  483484
Loading particles
Subhalo  483521
Loading particles
Subhalo  483590
Loading particles
Subhalo  483641
Loading particles
Subhalo  483693
Loading particles
Subhalo  483749
Loading particles
Subhalo  483812
Loading particles
Subhalo  483868
Loading particles
Subhalo  483900
Loading particles
Subhalo  483927
Loading particles
Subhalo  483977
Loading particles
Subhalo  484045
Loading particles
Subhalo  484113
Loading particles
Subhalo  484155
Loading particles
Subhalo  484207
Loading particles
Subhalo  484257
Loading particles
Subhalo  484307
Loading particles
Subhalo  484336
Loading particles
Subhalo  484366
Loading particles
Subhalo  484427
Loading particles
Subhalo  484506
Loading particles
Subhalo  484550
Loading particles
Subhalo  484608
Loading particles
Subhalo  484655
Loading particles
Subhalo  484715
Loading particles
Subhalo  484771
Loading particles
Subhalo  484818
Loading particles
Subhalo  484852
Loading particles
Subhalo  484905
Loading particles
Subhalo  484944
Loading particles
Subhalo  485017
Loading particles
Subhalo  485095
Loading particles
Subhalo  485146
Loading particles
Subhalo  485196
Loading particles
Subhalo  485233
Loading particles
Subhalo  485283
Loading particles
Subhalo  485326
Loading particles
Subhalo  485365
Loading particles
Subhalo  485394
Loading particles
Subhalo  485441
Loading particles
Subhalo  485485
Loading particles
Subhalo  485518
Loading particles
Subhalo  485542
Loading particles
Subhalo  485596
Loading particles
Subhalo  485654
Loading particles
Subhalo  485703
Loading particles
Subhalo  485747
Loading particles
Subhalo  485782
Loading particles
Subhalo  485833
Loading particles
Subhalo  485886
Loading particles
Subhalo  485951
Loading particles
Subhalo  486009
Loading particles
Subhalo  486052
Loading particles
Subhalo  486124
Loading particles
Subhalo  486186
Loading particles
Subhalo  486229
Loading particles
Subhalo  486281
Loading particles
Subhalo  486341
Traceback (most recent call last):
  File "./src/cluster_run.py", line 24, in <module>
    safe_tester.test_all(args.tng, test_name, int(args.subhalo), 99)
  File "/lustre1/work/aurorasg/TNG/src/safe_tester.py", line 36, in test_all
    temp_cat = test.mass_vel_photo(tng_run, snapshot, dm_part_mass, i)
  File "/lustre1/work/aurorasg/TNG/src/tng100_test.py", line 62, in mass_vel_photo
    gas = il.pandasformat.dict_to_pandas(il.snapshot.loadSubhalo(base_path, snapshot, i, 'gas', fields["gas"]))
  File "/lustre1/work/aurorasg/TNG/src/illustris_python/pandasformat.py", line 85, in dict_to_pandas
    df = pd.DataFrame(data, dtype=object)
  File "/share/apps/software/Core/Anaconda3/2018.12/lib/python3.7/site-packages/pandas/core/frame.py", line 348, in __init__
    mgr = self._init_dict(data, index, columns, dtype=dtype)
  File "/share/apps/software/Core/Anaconda3/2018.12/lib/python3.7/site-packages/pandas/core/frame.py", line 459, in _init_dict
    return _arrays_to_mgr(arrays, data_names, index, columns, dtype=dtype)
  File "/share/apps/software/Core/Anaconda3/2018.12/lib/python3.7/site-packages/pandas/core/frame.py", line 7356, in _arrays_to_mgr
    index = extract_index(arrays)
  File "/share/apps/software/Core/Anaconda3/2018.12/lib/python3.7/site-packages/pandas/core/frame.py", line 7393, in extract_index
    raise ValueError('If using all scalar values, you must pass'
ValueError: If using all scalar values, you must pass an index
Loading particles
Subhalo  486384
Loading particles
Subhalo  486415
Loading particles
Subhalo  486463
Loading particles
Subhalo  486525
Loading particles
Subhalo  486590
Loading particles
Subhalo  486632
Loading particles
Subhalo  486691
Loading particles
Subhalo  486742
Loading particles
Subhalo  486781
Loading particles
Subhalo  486828
Loading particles
Subhalo  486875
Loading particles
Subhalo  486917
Loading particles
Subhalo  486966
Loading particles
Subhalo  487000
Loading particles
Subhalo  487042
Loading particles
Subhalo  487072
Loading particles
Subhalo  487099
Loading particles
Subhalo  487152
Loading particles
Subhalo  487191
Loading particles
Subhalo  487244
Loading particles
Subhalo  487276
Loading particles
Subhalo  487327
Loading particles
Subhalo  487363
Loading particles
Subhalo  487393
Loading particles
Subhalo  487438
Loading particles
Subhalo  487496
Loading particles
Subhalo  487530
Loading particles
Subhalo  487606
Loading particles
Subhalo  487651
Loading particles
Subhalo  487698
Loading particles
Subhalo  487769
Loading particles
Subhalo  487817
Loading particles
Subhalo  487877
Loading particles
Subhalo  487913
Loading particles
Subhalo  487965
Loading particles
Subhalo  487993
