\BOOKMARK [1][-]{section.1}{Introduction}{}% 1
\BOOKMARK [1][-]{section.2}{Theory}{}% 2
\BOOKMARK [2][-]{subsection.2.1}{Galaxy formation}{section.2}% 3
\BOOKMARK [3][-]{subsubsection.2.1.1}{Dark matter halos}{subsection.2.1}% 4
\BOOKMARK [3][-]{subsubsection.2.1.2}{Galaxies}{subsection.2.1}% 5
\BOOKMARK [3][-]{subsubsection.2.1.3}{The Stellar-to-Halo mass relation}{subsection.2.1}% 6
\BOOKMARK [2][-]{subsection.2.2}{Galaxy evolution and classification}{section.2}% 7
\BOOKMARK [3][-]{subsubsection.2.2.1}{Elliptical \(early type\) galaxies}{subsection.2.2}% 8
\BOOKMARK [3][-]{subsubsection.2.2.2}{Spiral \(late type\) galaxies}{subsection.2.2}% 9
\BOOKMARK [2][-]{subsection.2.3}{Galaxy properties}{section.2}% 10
\BOOKMARK [3][-]{subsubsection.2.3.1}{The Tully-Fisher relation}{subsection.2.3}% 11
\BOOKMARK [3][-]{subsubsection.2.3.2}{The Faber-Jackson relation and the Fundamental Plane}{subsection.2.3}% 12
\BOOKMARK [3][-]{subsubsection.2.3.3}{Color bimodality}{subsection.2.3}% 13
\BOOKMARK [2][-]{subsection.2.4}{Halo finders}{section.2}% 14
\BOOKMARK [3][-]{subsubsection.2.4.1}{SUBFIND}{subsection.2.4}% 15
\BOOKMARK [1][-]{section.3}{Method}{}% 16
\BOOKMARK [2][-]{subsection.3.1}{IllustrisTNG}{section.3}% 17
\BOOKMARK [3][-]{subsubsection.3.1.1}{The simulations}{subsection.3.1}% 18
\BOOKMARK [3][-]{subsubsection.3.1.2}{Data products}{subsection.3.1}% 19
\BOOKMARK [3][-]{subsubsection.3.1.3}{Sample reduction}{subsection.3.1}% 20
\BOOKMARK [2][-]{subsection.3.2}{Galaxy sizes}{section.3}% 21
\BOOKMARK [2][-]{subsection.3.3}{Galaxy properties}{section.3}% 22
\BOOKMARK [3][-]{subsubsection.3.3.1}{Magnitude and colors}{subsection.3.3}% 23
\BOOKMARK [3][-]{subsubsection.3.3.2}{Masses}{subsection.3.3}% 24
\BOOKMARK [3][-]{subsubsection.3.3.3}{Size}{subsection.3.3}% 25
\BOOKMARK [3][-]{subsubsection.3.3.4}{Velocities}{subsection.3.3}% 26
\BOOKMARK [2][-]{subsection.3.4}{Galaxy morphology classifications}{section.3}% 27
\BOOKMARK [3][-]{subsubsection.3.4.1}{Gas fraction}{subsection.3.4}% 28
\BOOKMARK [3][-]{subsubsection.3.4.2}{Star formation rate}{subsection.3.4}% 29
\BOOKMARK [3][-]{subsubsection.3.4.3}{Rotational kinetic energy}{subsection.3.4}% 30
\BOOKMARK [1][-]{section.4}{Results and discussions}{}% 31
\BOOKMARK [1][-]{section.5}{Conclusions}{}% 32
